[debug] [2022-09-22T08:12:09.951Z] ----------------------------------------------------------------------
[debug] [2022-09-22T08:12:09.954Z] Command:       C:\Program Files\nodejs\node.exe C:\Users\user\AppData\Roaming\npm\node_modules\firebase-tools\lib\bin\firebase.js init
[debug] [2022-09-22T08:12:09.955Z] CLI Version:   11.9.0
[debug] [2022-09-22T08:12:09.955Z] Platform:      win32
[debug] [2022-09-22T08:12:09.955Z] Node Version:  v18.0.0
[debug] [2022-09-22T08:12:09.962Z] Time:          Thu Sep 22 2022 12:12:09 GMT+0400 (Georgia Standard Time)
[debug] [2022-09-22T08:12:09.963Z] ----------------------------------------------------------------------
[debug] 
[debug] [2022-09-22T08:12:09.968Z] >>> [apiv2][query] GET https://firebase-public.firebaseio.com/cli.json [none]
[debug] [2022-09-22T08:12:10.116Z] > command requires scopes: ["email","openid","https://www.googleapis.com/auth/cloudplatformprojects.readonly","https://www.googleapis.com/auth/firebase","https://www.googleapis.com/auth/cloud-platform"]
[debug] [2022-09-22T08:12:10.117Z] > authorizing via signed-in user (alina.bregvadze@gmail.com)
[info] 
     ######## #### ########  ######## ########     ###     ######  ########
     ##        ##  ##     ## ##       ##     ##  ##   ##  ##       ##
     ######    ##  ########  ######   ########  #########  ######  ######
     ##        ##  ##    ##  ##       ##     ## ##     ##       ## ##
     ##       #### ##     ## ######## ########  ##     ##  ######  ########

You're about to initialize a Firebase project in this directory:

  C:\Users\user\Desktop\test\portfolio-react

[debug] [2022-09-22T08:12:10.743Z] <<< [apiv2][status] GET https://firebase-public.firebaseio.com/cli.json 200
[debug] [2022-09-22T08:12:10.744Z] <<< [apiv2][body] GET https://firebase-public.firebaseio.com/cli.json {"cloudBuildErrorAfter":1594252800000,"cloudBuildWarnAfter":1590019200000,"defaultNode10After":1594252800000,"minVersion":"3.0.5","node8DeploysDisabledAfter":1613390400000,"node8RuntimeDisabledAfter":1615809600000,"node8WarnAfter":1600128000000}
[info] 
=== Project Setup
[info] 
[info] First, let's associate this project directory with a Firebase project.
[info] You can create multiple project aliases by running firebase use --add, 
[info] but for now we'll just set up a default project.
[info] 
[debug] [2022-09-22T08:12:30.763Z] > refreshing access token with scopes: []
[debug] [2022-09-22T08:12:30.765Z] >>> [apiv2][query] POST https://www.googleapis.com/oauth2/v3/token [none]
[debug] [2022-09-22T08:12:30.765Z] >>> [apiv2][body] POST https://www.googleapis.com/oauth2/v3/token [omitted]
[debug] [2022-09-22T08:12:31.149Z] <<< [apiv2][status] POST https://www.googleapis.com/oauth2/v3/token 200
[debug] [2022-09-22T08:12:31.149Z] <<< [apiv2][body] POST https://www.googleapis.com/oauth2/v3/token [omitted]
[debug] [2022-09-22T08:12:31.164Z] >>> [apiv2][query] GET https://firebase.googleapis.com/v1beta1/projects pageSize=100
[debug] [2022-09-22T08:12:32.088Z] <<< [apiv2][status] GET https://firebase.googleapis.com/v1beta1/projects 200
[debug] [2022-09-22T08:12:32.089Z] <<< [apiv2][body] GET https://firebase.googleapis.com/v1beta1/projects [omitted]
[info] i  Using project portfolio-react-6d6cd (portfolio-react) 
[info] 
=== Hosting Setup
[info] 
[info] Your public directory is the folder (relative to your project directory) that
[info] will contain Hosting assets to be uploaded with firebase deploy. If you
[info] have a build process for your assets, use your build's output directory.
[info] 
[debug] [2022-09-22T08:12:54.822Z] >>> [apiv2][query] GET https://www.gstatic.com/firebasejs/releases.json [none]
[debug] [2022-09-22T08:12:55.180Z] <<< [apiv2][status] GET https://www.gstatic.com/firebasejs/releases.json 200
[debug] [2022-09-22T08:12:55.181Z] <<< [apiv2][body] GET https://www.gstatic.com/firebasejs/releases.json {"current":{"version":"9.10.0","browserURL":"https://www.gstatic.com/firebasejs/9.10.0/firebase.js","packageURL":"https://www.gstatic.com/firebasejs/9.10.0/firebase.tgz"},"live":{"version":"9.10","browserURL":"https://www.gstatic.com/firebasejs/live/9.10/firebase.js","packageURL":"https://www.gstatic.com/firebasejs/live/9.10/firebase.tgz"},"components":{"analytics":"https://www.gstatic.com/firebasejs/9.10.0/firebase-analytics.js","app":"https://www.gstatic.com/firebasejs/9.10.0/firebase-app.js","app-check":"https://www.gstatic.com/firebasejs/9.10.0/firebase-app-check.js","auth":"https://www.gstatic.com/firebasejs/9.10.0/firebase-auth.js","auth/cordova":"https://www.gstatic.com/firebasejs/9.10.0/firebase-auth/cordova.js","auth/react-native":"https://www.gstatic.com/firebasejs/9.10.0/firebase-auth/react-native.js","functions":"https://www.gstatic.com/firebasejs/9.10.0/firebase-functions.js","firestore":"https://www.gstatic.com/firebasejs/9.10.0/firebase-firestore.js","firestore/lite":"https://www.gstatic.com/firebasejs/9.10.0/firebase-firestore/lite.js","installations":"https://www.gstatic.com/firebasejs/9.10.0/firebase-installations.js","storage":"https://www.gstatic.com/firebasejs/9.10.0/firebase-storage.js","performance":"https://www.gstatic.com/firebasejs/9.10.0/firebase-performance.js","remote-config":"https://www.gstatic.com/firebasejs/9.10.0/firebase-remote-config.js","messaging":"https://www.gstatic.com/firebasejs/9.10.0/firebase-messaging.js","messaging/sw":"https://www.gstatic.com/firebasejs/9.10.0/firebase-messaging/sw.js","database":"https://www.gstatic.com/firebasejs/9.10.0/firebase-database.js","firestore.memory":"https://www.gstatic.com/firebasejs/9.10.0/firebase-firestore.memory.js"}}
[info] i  Skipping write of build/index.html 
[info] 
[info] i  Detected a .git folder at C:\Users\user\Desktop\test\portfolio-react 
[info] i  Authorizing with GitHub to upload your service account to a GitHub repository's secrets store. 
[info] 
[info] Visit this URL on this device to log in:
[info] https://github.com/login/oauth/authorize?client_id=89cf50f02ac6aaed3484&state=655506572&redirect_uri=http%3A%2F%2Flocalhost%3A9005&scope=read%3Auser%20repo%20public_repo
[info] 
[info] Waiting for authentication...
[debug] [2022-09-22T08:13:14.091Z] >>> [apiv2][query] POST https://github.com/login/oauth/access_token [none]
[debug] [2022-09-22T08:13:14.092Z] >>> [apiv2][body] POST https://github.com/login/oauth/access_token [stream]
[debug] [2022-09-22T08:13:14.805Z] <<< [apiv2][status] POST https://github.com/login/oauth/access_token 200
[debug] [2022-09-22T08:13:14.805Z] <<< [apiv2][body] POST https://github.com/login/oauth/access_token {"access_token":"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","token_type":"bearer","scope":"read:user,repo"}
[debug] [2022-09-22T08:13:14.827Z] >>> [apiv2][query] GET https://api.github.com/user [none]
[debug] [2022-09-22T08:13:15.542Z] <<< [apiv2][status] GET https://api.github.com/user 200
[debug] [2022-09-22T08:13:15.543Z] <<< [apiv2][body] GET https://api.github.com/user {"login":"alinbrg","id":82210320,"node_id":"MDQ6VXNlcjgyMjEwMzIw","avatar_url":"https://avatars.githubusercontent.com/u/82210320?v=4","gravatar_id":"","url":"https://api.github.com/users/alinbrg","html_url":"https://github.com/alinbrg","followers_url":"https://api.github.com/users/alinbrg/followers","following_url":"https://api.github.com/users/alinbrg/following{/other_user}","gists_url":"https://api.github.com/users/alinbrg/gists{/gist_id}","starred_url":"https://api.github.com/users/alinbrg/starred{/owner}{/repo}","subscriptions_url":"https://api.github.com/users/alinbrg/subscriptions","organizations_url":"https://api.github.com/users/alinbrg/orgs","repos_url":"https://api.github.com/users/alinbrg/repos","events_url":"https://api.github.com/users/alinbrg/events{/privacy}","received_events_url":"https://api.github.com/users/alinbrg/received_events","type":"User","site_admin":false,"name":"Alina Bregvadze","company":null,"blog":"","location":"Georgia","email":null,"hireable":null,"bio":null,"twitter_username":null,"public_repos":100,"public_gists":0,"followers":59,"following":67,"created_at":"2021-04-09T09:37:29Z","updated_at":"2022-09-16T05:47:50Z","private_gists":0,"total_private_repos":18,"owned_private_repos":18,"disk_usage":216399,"collaborators":2,"two_factor_authentication":true,"plan":{"name":"free","space":976562499,"collaborators":0,"private_repos":10000}}
[info] 
[info] +  Success! Logged into GitHub as alinbrg 
[info] 
